<?xml version="1.0" encoding="UTF-8"?>
<!-- Generated by org.testng.reporters.JUnitXMLReporter -->
<testsuite ignored="0" hostname="LTIN611097" failures="0" tests="3" name="JustDialAutomationMain" time="101.185" errors="0" timestamp="2025-07-15T10:50:38 IST">
  <testcase classname="com.cts.justdial.testrunners.Scenario3Runner" name="validateGymPageTitle" time="10.869"/>
  <testcase classname="com.cts.justdial.testrunners.Scenario3Runner" name="validateGyms" time="10.689"/>
  <testcase classname="com.cts.justdial.testrunners.Scenario3Runner" name="validateGymsOption" time="6.281"/>
</testsuite> <!-- JustDialAutomationMain -->
