<?xml version="1.0" encoding="UTF-8"?>
<testng-results ignored="0" total="3" passed="3" failed="0" skipped="0">
  <reporter-output>
  </reporter-output>
  <suite started-at="2025-07-15T10:48:57 IST" name="Default Suite" finished-at="2025-07-15T10:50:38 IST" duration-ms="101185">
    <groups>
    </groups>
    <test started-at="2025-07-15T10:48:57 IST" name="JustDialAutomationMain" finished-at="2025-07-15T10:50:38 IST" duration-ms="101185">
      <class name="com.cts.justdial.testrunners.Scenario3Runner">
        <test-method is-config="true" signature="perSetup()[pri:0, instance:com.cts.justdial.testrunners.Scenario3Runner@52e6fdee]" started-at="2025-07-15T10:48:58 IST" name="perSetup" finished-at="2025-07-15T10:49:07 IST" duration-ms="8701" status="PASS">
          <reporter-output>
          </reporter-output>
        </test-method> <!-- perSetup -->
        <test-method signature="validateGymPageTitle(java.lang.String,java.lang.String)[pri:0, instance:com.cts.justdial.testrunners.Scenario3Runner@52e6fdee]" started-at="2025-07-15T10:49:07 IST" name="validateGymPageTitle" data-provider="carWashTestData" finished-at="2025-07-15T10:49:17 IST" duration-ms="10869" status="PASS">
          <params>
            <param index="0">
              <value>
                <![CDATA[hyderabad]]>
              </value>
            </param>
            <param index="1">
              <value>
                <![CDATA[Top Gyms in Hyderabad - Best Fitness Centers near me - Justdial]]>
              </value>
            </param>
          </params>
          <reporter-output>
          </reporter-output>
        </test-method> <!-- validateGymPageTitle -->
        <test-method is-config="true" signature="terminate()[pri:0, instance:com.cts.justdial.testrunners.Scenario3Runner@52e6fdee]" started-at="2025-07-15T10:49:17 IST" name="terminate" finished-at="2025-07-15T10:49:32 IST" duration-ms="14320" status="PASS">
          <reporter-output>
          </reporter-output>
        </test-method> <!-- terminate -->
        <test-method is-config="true" signature="perSetup()[pri:0, instance:com.cts.justdial.testrunners.Scenario3Runner@52e6fdee]" started-at="2025-07-15T10:49:32 IST" name="perSetup" finished-at="2025-07-15T10:49:48 IST" duration-ms="16172" status="PASS">
          <reporter-output>
          </reporter-output>
        </test-method> <!-- perSetup -->
        <test-method signature="validateGyms(java.lang.String)[pri:0, instance:com.cts.justdial.testrunners.Scenario3Runner@52e6fdee]" started-at="2025-07-15T10:49:48 IST" name="validateGyms" data-provider="carWashTestData" finished-at="2025-07-15T10:49:59 IST" duration-ms="10689" status="PASS">
          <params>
            <param index="0">
              <value>
                <![CDATA[hyderabad]]>
              </value>
            </param>
          </params>
          <reporter-output>
          </reporter-output>
        </test-method> <!-- validateGyms -->
        <test-method is-config="true" signature="terminate()[pri:0, instance:com.cts.justdial.testrunners.Scenario3Runner@52e6fdee]" started-at="2025-07-15T10:49:59 IST" name="terminate" finished-at="2025-07-15T10:50:10 IST" duration-ms="10986" status="PASS">
          <reporter-output>
          </reporter-output>
        </test-method> <!-- terminate -->
        <test-method is-config="true" signature="perSetup()[pri:0, instance:com.cts.justdial.testrunners.Scenario3Runner@52e6fdee]" started-at="2025-07-15T10:50:10 IST" name="perSetup" finished-at="2025-07-15T10:50:21 IST" duration-ms="11182" status="PASS">
          <reporter-output>
          </reporter-output>
        </test-method> <!-- perSetup -->
        <test-method signature="validateGymsOption()[pri:0, instance:com.cts.justdial.testrunners.Scenario3Runner@52e6fdee]" started-at="2025-07-15T10:50:21 IST" name="validateGymsOption" data-provider="carWashTestData" finished-at="2025-07-15T10:50:27 IST" duration-ms="6281" status="PASS">
          <reporter-output>
          </reporter-output>
        </test-method> <!-- validateGymsOption -->
        <test-method is-config="true" signature="terminate()[pri:0, instance:com.cts.justdial.testrunners.Scenario3Runner@52e6fdee]" started-at="2025-07-15T10:50:27 IST" name="terminate" finished-at="2025-07-15T10:50:38 IST" duration-ms="10808" status="PASS">
          <reporter-output>
          </reporter-output>
        </test-method> <!-- terminate -->
      </class> <!-- com.cts.justdial.testrunners.Scenario3Runner -->
    </test> <!-- JustDialAutomationMain -->
  </suite> <!-- Default Suite -->
</testng-results>
